0 verbose cli C:\nvm4w\nodejs\node.exe C:\nvm4w\nodejs\node_modules\npm\bin\npm-cli.js
1 info using npm@10.9.4
2 info using node@v22.22.0
3 silly config load:file:C:\Users\danisalgue\AppData\Local\nvm\v22.22.0\node_modules\npm\npmrc
4 silly config load:file:C:\Users\danisalgue\Desktop\LynxProject\frontend\.npmrc
5 silly config load:file:C:\Users\danisalgue\.npmrc
6 silly config load:file:C:\Users\danisalgue\Desktop\LynxProject\frontend\etc\npmrc
7 verbose title npm run build
8 verbose argv "run" "build" "--prefix" "frontend"
9 verbose logfile logs-max:10 dir:C:\Users\danisalgue\Desktop\LynxProject\.npm-cache\_logs\2026-06-01T13_48_31_297Z-
10 verbose logfile C:\Users\danisalgue\Desktop\LynxProject\.npm-cache\_logs\2026-06-01T13_48_31_297Z-debug-0.log
11 silly logfile done cleaning log files
12 http fetch GET 200 https://registry.npmjs.org/npm 320ms
13 verbose cwd C:\Users\danisalgue\Desktop\LynxProject
14 verbose os Windows_NT 10.0.19045
15 verbose node v22.22.0
16 verbose npm  v10.9.4
17 notice
17 notice New [31mmajor[39m version of npm available! [31m10.9.4[39m -> [34m11.16.0[39m
17 notice Changelog: [34mhttps://github.com/npm/cli/releases/tag/v11.16.0[39m
17 notice To update run: [4mnpm install -g npm@11.16.0[24m
17 notice  { force: true, [Symbol(proc-log.meta)]: true }
18 verbose exit 0
19 info ok
